<?xml version="1.0" encoding="UTF-8"?>
<testsuite name="org.amaap.ttp.pokerhandrankingpair.version1.domain.ranking.StraightTest" tests="4" skipped="0" failures="0" errors="0" timestamp="2024-03-31T16:44:49" hostname="LAPTOP-205J7BQ6" time="0.007">
  <properties/>
  <testcase name="shouldBeAbleToReturnFalseIfDifferentCardsPassedToIsStraight()" classname="org.amaap.ttp.pokerhandrankingpair.version1.domain.ranking.StraightTest" time="0.001"/>
  <testcase name="shouldBeAbleToIntializeTheInstanceOfStraightClass()" classname="org.amaap.ttp.pokerhandrankingpair.version1.domain.ranking.StraightTest" time="0.001"/>
  <testcase name="shouldBeAbleToReturnTrueIfCardsPassedToIsStraight()" classname="org.amaap.ttp.pokerhandrankingpair.version1.domain.ranking.StraightTest" time="0.001"/>
  <testcase name="shouldBeAbleToReturnTheRankForStraight()" classname="org.amaap.ttp.pokerhandrankingpair.version1.domain.ranking.StraightTest" time="0.001"/>
  <system-out><![CDATA[]]></system-out>
  <system-err><![CDATA[]]></system-err>
</testsuite>
