<?xml version="1.0" encoding="UTF-8"?>
<testsuite name="org.amaap.ttp.pokerhand.domain.ranking.StraightTest" tests="3" skipped="0" failures="0" errors="0" timestamp="2024-03-29T07:45:55" hostname="LAPTOP-205J7BQ6" time="0.003">
  <properties/>
  <testcase name="shouldBeAbleToReturnFalseIfDifferentCardsPassedToIsStraight()" classname="org.amaap.ttp.pokerhand.domain.ranking.StraightTest" time="0.001"/>
  <testcase name="shouldBeAbleToIntializeTheInstanceOfStraightClass()" classname="org.amaap.ttp.pokerhand.domain.ranking.StraightTest" time="0.001"/>
  <testcase name="shouldBeAbleToReturnTheRankForStraight()" classname="org.amaap.ttp.pokerhand.domain.ranking.StraightTest" time="0.001"/>
  <system-out><![CDATA[]]></system-out>
  <system-err><![CDATA[]]></system-err>
</testsuite>
