<?xml version="1.0" encoding="UTF-8"?>
<testsuite name="org.amaap.ttp.pokerhandrankingpair.version1.domain.ranking.FlushTest" tests="3" skipped="0" failures="0" errors="0" timestamp="2024-03-31T16:29:29" hostname="LAPTOP-205J7BQ6" time="0.006">
  <properties/>
  <testcase name="shouldBeAbleToReturnFalseIfDifferentCardsPassedToIsFlush()" classname="org.amaap.ttp.pokerhandrankingpair.version1.domain.ranking.FlushTest" time="0.003"/>
  <testcase name="shouldBeAbleToIntializeTheInstanceOfFlushClass()" classname="org.amaap.ttp.pokerhandrankingpair.version1.domain.ranking.FlushTest" time="0.001"/>
  <testcase name="shouldBeAbleToReturnTheRankForFLUSH()" classname="org.amaap.ttp.pokerhandrankingpair.version1.domain.ranking.FlushTest" time="0.001"/>
  <system-out><![CDATA[]]></system-out>
  <system-err><![CDATA[]]></system-err>
</testsuite>
