<?xml version="1.0" encoding="UTF-8"?>
<testsuite name="org.amaap.ttp.pokerhand.model.domain.validator.HandValidatorTest" tests="3" skipped="0" failures="0" errors="0" timestamp="2024-03-28T17:33:01" hostname="LAPTOP-205J7BQ6" time="0.003">
  <properties/>
  <testcase name="shouldBeAbleReturnFalseWhenHandCapacityIsSix()" classname="org.amaap.ttp.pokerhand.model.domain.validator.HandValidatorTest" time="0.001"/>
  <testcase name="shouldBeAbleReturnFalseWhenHandCapacityIsTwo()" classname="org.amaap.ttp.pokerhand.model.domain.validator.HandValidatorTest" time="0.0"/>
  <testcase name="shouldBeAbleReturnTrueWhenHandCapacityIsFive()" classname="org.amaap.ttp.pokerhand.model.domain.validator.HandValidatorTest" time="0.0"/>
  <system-out><![CDATA[]]></system-out>
  <system-err><![CDATA[]]></system-err>
</testsuite>
