<?xml version="1.0" encoding="UTF-8"?>
<testsuite name="org.amaap.ttp.pokerhandrankingpair.version1.domain.ranking.RoyalFlushTest" tests="3" skipped="0" failures="0" errors="0" timestamp="2024-03-31T18:25:42" hostname="LAPTOP-205J7BQ6" time="0.005">
  <properties/>
  <testcase name="shouldBeAbleToReturnTheRankForRoyalFlush()" classname="org.amaap.ttp.pokerhandrankingpair.version1.domain.ranking.RoyalFlushTest" time="0.002"/>
  <testcase name="shouldBeAbleToIntializeTheInstanceOfRoyalFlushClass()" classname="org.amaap.ttp.pokerhandrankingpair.version1.domain.ranking.RoyalFlushTest" time="0.001"/>
  <testcase name="shouldBeAbleToReturnFalseIfDifferentCardsPassedToIsRoyalFlush()" classname="org.amaap.ttp.pokerhandrankingpair.version1.domain.ranking.RoyalFlushTest" time="0.001"/>
  <system-out><![CDATA[]]></system-out>
  <system-err><![CDATA[]]></system-err>
</testsuite>
