<?xml version="1.0" encoding="UTF-8"?>
<testsuite name="org.amaap.ttp.pokerhand.domain.ranking.ThreeOfAKindTest" tests="4" skipped="0" failures="0" errors="0" timestamp="2024-03-29T12:30:37" hostname="LAPTOP-205J7BQ6" time="0.004">
  <properties/>
  <testcase name="shouldBeAbleToIntializeTheInstanceOfThreeOfAKindClass()" classname="org.amaap.ttp.pokerhand.domain.ranking.ThreeOfAKindTest" time="0.001"/>
  <testcase name="shouldBeAbleToReturnFalseIfDifferentCardsPassedToIsThreeOfAKind()" classname="org.amaap.ttp.pokerhand.domain.ranking.ThreeOfAKindTest" time="0.001"/>
  <testcase name="shouldBeAbleToReturnTrueIfCardsPassedToIsThreeOfAKind()" classname="org.amaap.ttp.pokerhand.domain.ranking.ThreeOfAKindTest" time="0.001"/>
  <testcase name="shouldBeAbleToReturnTheRankForThreeOfAKind()" classname="org.amaap.ttp.pokerhand.domain.ranking.ThreeOfAKindTest" time="0.0"/>
  <system-out><![CDATA[]]></system-out>
  <system-err><![CDATA[]]></system-err>
</testsuite>
