<?xml version="1.0" encoding="UTF-8"?>
<testsuite name="org.amaap.ttp.pokerhandrankingpair.version1.domain.ranking.FlushTest" tests="3" skipped="0" failures="0" errors="0" timestamp="2024-03-31T16:37:19" hostname="LAPTOP-205J7BQ6" time="0.065">
  <properties/>
  <testcase name="shouldBeAbleToReturnFalseIfDifferentCardsPassedToIsFlush()" classname="org.amaap.ttp.pokerhandrankingpair.version1.domain.ranking.FlushTest" time="0.045"/>
  <testcase name="shouldBeAbleToIntializeTheInstanceOfFlushClass()" classname="org.amaap.ttp.pokerhandrankingpair.version1.domain.ranking.FlushTest" time="0.004"/>
  <testcase name="shouldBeAbleToReturnTheRankForFLUSH()" classname="org.amaap.ttp.pokerhandrankingpair.version1.domain.ranking.FlushTest" time="0.011"/>
  <system-out><![CDATA[]]></system-out>
  <system-err><![CDATA[]]></system-err>
</testsuite>
