<?xml version="1.0" encoding="UTF-8"?>
<testsuite name="org.amaap.ttp.pokerhand.model.PokerManagerTest" tests="2" skipped="0" failures="0" errors="0" timestamp="2024-03-26T17:56:09" hostname="LAPTOP-205J7BQ6" time="0.03">
  <properties/>
  <testcase name="shouldBeAbleToCreateASingleCard()" classname="org.amaap.ttp.pokerhand.model.PokerManagerTest" time="0.025"/>
  <testcase name="shouldAbleToInitializePokerManagerToPerformOperations()" classname="org.amaap.ttp.pokerhand.model.PokerManagerTest" time="0.002"/>
  <system-out><![CDATA[CEIGHT
CEIGHT
]]></system-out>
  <system-err><![CDATA[]]></system-err>
</testsuite>
