<?xml version="1.0" encoding="UTF-8"?>
<testsuite name="org.amaap.ttp.pokerhand.model.HandTest" tests="3" skipped="0" failures="0" errors="0" timestamp="2024-03-27T14:41:25" hostname="LAPTOP-205J7BQ6" time="0.034">
  <properties/>
  <testcase name="shouldBeAbleToCreateHandWhenFiveCardArePassed()" classname="org.amaap.ttp.pokerhand.model.HandTest" time="0.025"/>
  <testcase name="shouldBeAbleToThrowInvalidHandCapacityExceptionWhenHandCapacityIsNegative()" classname="org.amaap.ttp.pokerhand.model.HandTest" time="0.003"/>
  <testcase name="shouldBeAbleToThrowInvalidHandCapacityExceptionWhenHandCapacityIsInvalid()" classname="org.amaap.ttp.pokerhand.model.HandTest" time="0.001"/>
  <system-out><![CDATA[]]></system-out>
  <system-err><![CDATA[]]></system-err>
</testsuite>
