<?xml version="1.0" encoding="UTF-8"?>
<testsuite name="org.amaap.ttp.pokerhand.model.domain.HandRankEvaluatorTest" tests="2" skipped="0" failures="0" errors="0" timestamp="2024-03-28T17:33:01" hostname="LAPTOP-205J7BQ6" time="0.009">
  <properties/>
  <testcase name="shouldBeAbleToReturnTheRankForHighCardWithHighRankCard()" classname="org.amaap.ttp.pokerhand.model.domain.HandRankEvaluatorTest" time="0.007"/>
  <testcase name="shouldBeAbleToReturnTheRankForHighCard()" classname="org.amaap.ttp.pokerhand.model.domain.HandRankEvaluatorTest" time="0.001"/>
  <system-out><![CDATA[]]></system-out>
  <system-err><![CDATA[]]></system-err>
</testsuite>
