<?xml version="1.0" encoding="UTF-8"?>
<testsuite name="org.amaap.ttp.pokerhandrankingpair.version1.domain.ranking.FullHouseTest" tests="3" skipped="0" failures="0" errors="0" timestamp="2024-03-31T17:02:59" hostname="LAPTOP-205J7BQ6" time="0.041">
  <properties/>
  <testcase name="shouldBeAbleToReturnFalseIfDifferentCardsPassedToIsFullHouse()" classname="org.amaap.ttp.pokerhandrankingpair.version1.domain.ranking.FullHouseTest" time="0.029"/>
  <testcase name="shouldBeAbleToReturnTheRankForFullHouse()" classname="org.amaap.ttp.pokerhandrankingpair.version1.domain.ranking.FullHouseTest" time="0.007"/>
  <testcase name="shouldBeAbleToIntializeTheInstanceOfFullHouseClass()" classname="org.amaap.ttp.pokerhandrankingpair.version1.domain.ranking.FullHouseTest" time="0.002"/>
  <system-out><![CDATA[]]></system-out>
  <system-err><![CDATA[]]></system-err>
</testsuite>
