<?xml version="1.0" encoding="UTF-8"?>
<testsuite name="org.amaap.ttp.pokerhandrankingpair.version1.domain.model.CardTest" tests="3" skipped="0" failures="0" errors="0" timestamp="2024-03-31T14:10:30" hostname="LAPTOP-205J7BQ6" time="0.053">
  <properties/>
  <testcase name="shouldBeAbleToTestForEqualObjects()" classname="org.amaap.ttp.pokerhandrankingpair.version1.domain.model.CardTest" time="0.036"/>
  <testcase name="shouldBeAbleToCreateACardWithSuitAndRank()" classname="org.amaap.ttp.pokerhandrankingpair.version1.domain.model.CardTest" time="0.011"/>
  <testcase name="shouldBeAbleToTestHashCodeForTwoObjects()" classname="org.amaap.ttp.pokerhandrankingpair.version1.domain.model.CardTest" time="0.003"/>
  <system-out><![CDATA[]]></system-out>
  <system-err><![CDATA[]]></system-err>
</testsuite>
