<?xml version="1.0" encoding="UTF-8"?>
<testsuite name="org.amaap.ttp.pokerhand.model.domain.CardTest" tests="3" skipped="0" failures="0" errors="0" timestamp="2024-03-28T17:33:01" hostname="LAPTOP-205J7BQ6" time="0.013">
  <properties/>
  <testcase name="shouldBeAbleToTestForEqualObjects()" classname="org.amaap.ttp.pokerhand.model.domain.CardTest" time="0.003"/>
  <testcase name="shouldBeAbleToTestHashCodeForTwoObjects()" classname="org.amaap.ttp.pokerhand.model.domain.CardTest" time="0.001"/>
  <testcase name="shouldAbleToCreateACardWithSuitAndRank()" classname="org.amaap.ttp.pokerhand.model.domain.CardTest" time="0.007"/>
  <system-out><![CDATA[]]></system-out>
  <system-err><![CDATA[]]></system-err>
</testsuite>
