<?xml version="1.0" encoding="UTF-8"?>
<testsuite name="org.amaap.ttp.pokerhandrankingpair.version1.domain.ranking.FourOfKindTest" tests="3" skipped="0" failures="0" errors="0" timestamp="2024-03-31T17:02:59" hostname="LAPTOP-205J7BQ6" time="0.004">
  <properties/>
  <testcase name="shouldBeAbleToReturnFalseIfDifferentCardsPassedToIsFourOfAKind()" classname="org.amaap.ttp.pokerhandrankingpair.version1.domain.ranking.FourOfKindTest" time="0.001"/>
  <testcase name="shouldBeAbleToIntializeTheInstanceOfFourOfAKindClass()" classname="org.amaap.ttp.pokerhandrankingpair.version1.domain.ranking.FourOfKindTest" time="0.0"/>
  <testcase name="shouldBeAbleToReturnTheRankForFourOfAKind()" classname="org.amaap.ttp.pokerhandrankingpair.version1.domain.ranking.FourOfKindTest" time="0.001"/>
  <system-out><![CDATA[]]></system-out>
  <system-err><![CDATA[]]></system-err>
</testsuite>
