<?xml version="1.0" encoding="UTF-8"?>
<testsuite name="org.amaap.ttp.pokerhand.domain.HandRankEvaluatorTest" tests="4" skipped="0" failures="0" errors="0" timestamp="2024-03-29T12:30:37" hostname="LAPTOP-205J7BQ6" time="0.045">
  <properties/>
  <testcase name="shouldBeAbleToReturnSingletonInstanceOfTheClass()" classname="org.amaap.ttp.pokerhand.domain.HandRankEvaluatorTest" time="0.025"/>
  <testcase name="shouldBeAbleToReturnTheRankForHighCardWithHighRankCard()" classname="org.amaap.ttp.pokerhand.domain.HandRankEvaluatorTest" time="0.015"/>
  <testcase name="shouldBeAbleToIntializeTheInstanceOfHandRankEvaluatorClass()" classname="org.amaap.ttp.pokerhand.domain.HandRankEvaluatorTest" time="0.001"/>
  <testcase name="shouldBeAbleToReturnTheRankForHighCard()" classname="org.amaap.ttp.pokerhand.domain.HandRankEvaluatorTest" time="0.001"/>
  <system-out><![CDATA[]]></system-out>
  <system-err><![CDATA[]]></system-err>
</testsuite>
