<?xml version="1.0" encoding="UTF-8"?>
<testsuite name="org.amaap.ttp.pokerhandrankingpair.version1.domain.model.CardParserTest" tests="4" skipped="0" failures="0" errors="0" timestamp="2024-03-31T18:25:41" hostname="LAPTOP-205J7BQ6" time="0.019">
  <properties/>
  <testcase name="shouldBeAbleToThrowInvalidCardSuitExceptionForInvalidCardSuit()" classname="org.amaap.ttp.pokerhandrankingpair.version1.domain.model.CardParserTest" time="0.01"/>
  <testcase name="shouldBeAbleToThrowInvalidCardRankExceptionForInvalidCardRank()" classname="org.amaap.ttp.pokerhandrankingpair.version1.domain.model.CardParserTest" time="0.002"/>
  <testcase name="shouldBeAbleToThrowInvalidCardExceptionWhenSymbolLengthIsNot2()" classname="org.amaap.ttp.pokerhandrankingpair.version1.domain.model.CardParserTest" time="0.001"/>
  <testcase name="shouldBeAbleToThrowInvalidCardExceptionForCardSymbolContainsMoreThan2Characters()" classname="org.amaap.ttp.pokerhandrankingpair.version1.domain.model.CardParserTest" time="0.002"/>
  <system-out><![CDATA[]]></system-out>
  <system-err><![CDATA[]]></system-err>
</testsuite>
