<?xml version="1.0" encoding="UTF-8"?>
<testsuite name="org.amaap.ttp.pokerhand.domain.ranking.TwoPairTest" tests="3" skipped="0" failures="0" errors="0" timestamp="2024-03-29T07:45:55" hostname="LAPTOP-205J7BQ6" time="0.004">
  <properties/>
  <testcase name="shouldBeAbleToReturnTheRankForTwoPair()" classname="org.amaap.ttp.pokerhand.domain.ranking.TwoPairTest" time="0.001"/>
  <testcase name="shouldBeAbleToReturnFalseIfDifferentCardsPassedToIsTwoPair()" classname="org.amaap.ttp.pokerhand.domain.ranking.TwoPairTest" time="0.0"/>
  <testcase name="shouldBeAbleToIntializeTheInstanceOfTwoPairClass()" classname="org.amaap.ttp.pokerhand.domain.ranking.TwoPairTest" time="0.001"/>
  <system-out><![CDATA[]]></system-out>
  <system-err><![CDATA[]]></system-err>
</testsuite>
