<?xml version="1.0" encoding="UTF-8"?>
<testsuite name="org.amaap.ttp.pokerhand.domain.HandRankEvaluatorTest" tests="3" skipped="0" failures="0" errors="0" timestamp="2024-03-29T07:45:54" hostname="LAPTOP-205J7BQ6" time="0.057">
  <properties/>
  <testcase name="shouldBeAbleToReturnTheRankForHighCardWithHighRankCard()" classname="org.amaap.ttp.pokerhand.domain.HandRankEvaluatorTest" time="0.049"/>
  <testcase name="shouldBeAbleToIntializeTheInstanceOfHandRankEvaluatorClass()" classname="org.amaap.ttp.pokerhand.domain.HandRankEvaluatorTest" time="0.002"/>
  <testcase name="shouldBeAbleToReturnTheRankForHighCard()" classname="org.amaap.ttp.pokerhand.domain.HandRankEvaluatorTest" time="0.002"/>
  <system-out><![CDATA[]]></system-out>
  <system-err><![CDATA[]]></system-err>
</testsuite>
