<?xml version="1.0" encoding="UTF-8"?>
<testsuite name="org.amaap.ttp.pokerhand.model.HandTest" tests="1" skipped="0" failures="0" errors="0" timestamp="2024-03-27T14:14:30" hostname="LAPTOP-205J7BQ6" time="0.019">
  <properties/>
  <testcase name="shouldBeAbleToThrowInvalidHandCapacityExceptionWhenHandCapacityIsInvalid()" classname="org.amaap.ttp.pokerhand.model.HandTest" time="0.019"/>
  <system-out><![CDATA[]]></system-out>
  <system-err><![CDATA[]]></system-err>
</testsuite>
