<?xml version="1.0" encoding="UTF-8"?>
<testsuite name="org.amaap.ttp.pokerhand.domain.PokerManagerTest" tests="2" skipped="0" failures="0" errors="0" timestamp="2024-03-29T12:30:37" hostname="LAPTOP-205J7BQ6" time="0.003">
  <properties/>
  <testcase name="shouldBeAbleToCreateHandFromSymbols()" classname="org.amaap.ttp.pokerhand.domain.PokerManagerTest" time="0.001"/>
  <testcase name="shouldBeAbleToEvaluateHandAndReturnItsRanking()" classname="org.amaap.ttp.pokerhand.domain.PokerManagerTest" time="0.001"/>
  <system-out><![CDATA[]]></system-out>
  <system-err><![CDATA[]]></system-err>
</testsuite>
