<?xml version="1.0" encoding="UTF-8"?>
<testsuite name="org.amaap.ttp.pokerhand.domain.model.CardTest" tests="3" skipped="0" failures="0" errors="0" timestamp="2024-03-29T07:45:55" hostname="LAPTOP-205J7BQ6" time="0.011">
  <properties/>
  <testcase name="shouldBeAbleToTestForEqualObjects()" classname="org.amaap.ttp.pokerhand.domain.model.CardTest" time="0.003"/>
  <testcase name="shouldBeAbleToTestHashCodeForTwoObjects()" classname="org.amaap.ttp.pokerhand.domain.model.CardTest" time="0.0"/>
  <testcase name="shouldAbleToCreateACardWithSuitAndRank()" classname="org.amaap.ttp.pokerhand.domain.model.CardTest" time="0.006"/>
  <system-out><![CDATA[]]></system-out>
  <system-err><![CDATA[]]></system-err>
</testsuite>
