<?xml version="1.0" encoding="UTF-8"?>
<testsuite name="org.amaap.ttp.pokerhandrankingpair.version1.domain.model.CardTest" tests="12" skipped="0" failures="0" errors="0" timestamp="2024-03-31T18:25:41" hostname="LAPTOP-205J7BQ6" time="0.029">
  <properties/>
  <testcase name="shouldBeAbleToTestEqualityForCardsWithDifferentRank()" classname="org.amaap.ttp.pokerhandrankingpair.version1.domain.model.CardTest" time="0.002"/>
  <testcase name="shouldBeAbleToTestEqualityForCardsWithDifferentSuit()" classname="org.amaap.ttp.pokerhandrankingpair.version1.domain.model.CardTest" time="0.001"/>
  <testcase name="shouldBeAbleToTestEqualityForTwoCardsWithSameSuitAndRank()" classname="org.amaap.ttp.pokerhandrankingpair.version1.domain.model.CardTest" time="0.002"/>
  <testcase name="shouldBeAbleToTestEqualityForSameCard()" classname="org.amaap.ttp.pokerhandrankingpair.version1.domain.model.CardTest" time="0.001"/>
  <testcase name="shouldBeAbleToTestForEqualObjects()" classname="org.amaap.ttp.pokerhandrankingpair.version1.domain.model.CardTest" time="0.001"/>
  <testcase name="shouldBeAbleToTestEqualityForCardWithNull()" classname="org.amaap.ttp.pokerhandrankingpair.version1.domain.model.CardTest" time="0.001"/>
  <testcase name="shouldBeAbleToCreateACardWithSuitAndRank()" classname="org.amaap.ttp.pokerhandrankingpair.version1.domain.model.CardTest" time="0.005"/>
  <testcase name="shouldBeAbleToThrowInvalidCardRankExceptionWhenCardRankIsInvalid()" classname="org.amaap.ttp.pokerhandrankingpair.version1.domain.model.CardTest" time="0.002"/>
  <testcase name="shouldBeAbleToTestHashCodeForTwoObjects()" classname="org.amaap.ttp.pokerhandrankingpair.version1.domain.model.CardTest" time="0.0"/>
  <testcase name="shouldBeAbleToThrowInvalidCardExceptionWhenCardInvalid()" classname="org.amaap.ttp.pokerhandrankingpair.version1.domain.model.CardTest" time="0.001"/>
  <testcase name="shouldBeAbleToTestEqualityForCardWithDifferentObject()" classname="org.amaap.ttp.pokerhandrankingpair.version1.domain.model.CardTest" time="0.001"/>
  <testcase name="shouldBeAbleToThrowInvalidSuitExceptionWhenSuitIsInvalid()" classname="org.amaap.ttp.pokerhandrankingpair.version1.domain.model.CardTest" time="0.001"/>
  <system-out><![CDATA[]]></system-out>
  <system-err><![CDATA[]]></system-err>
</testsuite>
