<?xml version="1.0" encoding="UTF-8"?>
<testsuite name="org.amaap.ttp.pokerhandrankingpair.version1.domain.ranking.FullHouseTest" tests="3" skipped="0" failures="0" errors="0" timestamp="2024-03-31T17:05:55" hostname="LAPTOP-205J7BQ6" time="0.004">
  <properties/>
  <testcase name="shouldBeAbleToReturnFalseIfDifferentCardsPassedToIsFullHouse()" classname="org.amaap.ttp.pokerhandrankingpair.version1.domain.ranking.FullHouseTest" time="0.001"/>
  <testcase name="shouldBeAbleToReturnTheRankForFullHouse()" classname="org.amaap.ttp.pokerhandrankingpair.version1.domain.ranking.FullHouseTest" time="0.001"/>
  <testcase name="shouldBeAbleToIntializeTheInstanceOfFullHouseClass()" classname="org.amaap.ttp.pokerhandrankingpair.version1.domain.ranking.FullHouseTest" time="0.0"/>
  <system-out><![CDATA[]]></system-out>
  <system-err><![CDATA[]]></system-err>
</testsuite>
