<?xml version="1.0" encoding="UTF-8"?>
<testsuite name="org.amaap.ttp.pokerhand.model.domain.HandTest" tests="4" skipped="0" failures="0" errors="0" timestamp="2024-03-27T18:14:35" hostname="LAPTOP-205J7BQ6" time="0.039">
  <properties/>
  <testcase name="shouldBeAbleToCreateHandWhenFiveCardArePassed()" classname="org.amaap.ttp.pokerhand.model.domain.HandTest" time="0.021"/>
  <testcase name="shouldBeAbleGetStringRepresentationOfHand()" classname="org.amaap.ttp.pokerhand.model.domain.HandTest" time="0.009"/>
  <testcase name="shouldBeAbleToThrowInvalidHandCapacityExceptionWhenHandCapacityIsNegative()" classname="org.amaap.ttp.pokerhand.model.domain.HandTest" time="0.003"/>
  <testcase name="shouldBeAbleToThrowInvalidHandCapacityExceptionWhenHandCapacityIsInvalid()" classname="org.amaap.ttp.pokerhand.model.domain.HandTest" time="0.001"/>
  <system-out><![CDATA[]]></system-out>
  <system-err><![CDATA[]]></system-err>
</testsuite>
